This is pdfTeX, Version 3.14159265-2.6-1.40.20 (TeX Live 2019) (preloaded format=pdflatex 2020.1.14)  22 MAY 2020 10:41
entering extended mode
 restricted \write18 enabled.
 %&-line parsing enabled.
**sched
(./sched.tex
LaTeX2e <2019-10-01> patch level 3

(/home/local/Linux/rhel7/x86_64/stow/texlive-20200114/texlive-20200114/texmf-di
st/tex/latex/base/report.cls
Document Class: report 2019/10/25 v1.4k Standard LaTeX document class

(/home/local/Linux/rhel7/x86_64/stow/texlive-20200114/texlive-20200114/texmf-di
st/tex/latex/base/size10.clo
File: size10.clo 2019/10/25 v1.4k Standard LaTeX file (size option)
)
\c@part=\count80
\c@chapter=\count81
\c@section=\count82
\c@subsection=\count83
\c@subsubsection=\count84
\c@paragraph=\count85
\c@subparagraph=\count86
\c@figure=\count87
\c@table=\count88
\abovecaptionskip=\skip41
\belowcaptionskip=\skip42
\bibindent=\dimen102
)
(/home/local/Linux/rhel7/x86_64/stow/texlive-20200114/texlive-20200114/texmf-di
st/tex/latex/tools/verbatim.sty
Package: verbatim 2019/11/10 v1.5r LaTeX2e package for verbatim enhancements
\every@verbatim=\toks14
\verbatim@line=\toks15
\verbatim@in@stream=\read1
)
(/home/local/Linux/rhel7/x86_64/stow/texlive-20200114/texlive-20200114/texmf-di
st/tex/latex/graphics/color.sty
Package: color 2016/07/10 v1.1e Standard LaTeX Color (DPC)

(/home/local/Linux/rhel7/x86_64/stow/texlive-20200114/texlive-20200114/texmf-di
st/tex/latex/graphics-cfg/color.cfg
File: color.cfg 2016/01/02 v1.6 sample color configuration
)
Package color Info: Driver file: pdftex.def on input line 147.

(/home/local/Linux/rhel7/x86_64/stow/texlive-20200114/texlive-20200114/texmf-di
st/tex/latex/graphics-def/pdftex.def
File: pdftex.def 2018/01/08 v1.0l Graphics/color driver for pdftex
))
(/home/local/Linux/rhel7/x86_64/stow/texlive-20200114/texlive-20200114/texmf-di
st/tex/latex/hyperref/hyperref.sty
Package: hyperref 2019/11/10 v7.00c Hypertext links for LaTeX

(/home/local/Linux/rhel7/x86_64/stow/texlive-20200114/texlive-20200114/texmf-di
st/tex/generic/ltxcmds/ltxcmds.sty
Package: ltxcmds 2019/12/15 v1.24 LaTeX kernel commands for general use (HO)
)
(/home/local/Linux/rhel7/x86_64/stow/texlive-20200114/texlive-20200114/texmf-di
st/tex/generic/iftex/iftex.sty
Package: iftex 2019/11/07 v1.0c TeX engine tests
)
(/home/local/Linux/rhel7/x86_64/stow/texlive-20200114/texlive-20200114/texmf-di
st/tex/latex/pdftexcmds/pdftexcmds.sty
Package: pdftexcmds 2019/11/24 v0.31 Utility functions of pdfTeX for LuaTeX (HO
)

(/home/local/Linux/rhel7/x86_64/stow/texlive-20200114/texlive-20200114/texmf-di
st/tex/generic/infwarerr/infwarerr.sty
Package: infwarerr 2019/12/03 v1.5 Providing info/warning/error messages (HO)
)
Package pdftexcmds Info: \pdf@primitive is available.
Package pdftexcmds Info: \pdf@ifprimitive is available.
Package pdftexcmds Info: \pdfdraftmode found.
)
(/home/local/Linux/rhel7/x86_64/stow/texlive-20200114/texlive-20200114/texmf-di
st/tex/latex/graphics/keyval.sty
Package: keyval 2014/10/28 v1.15 key=value parser (DPC)
\KV@toks@=\toks16
)
(/home/local/Linux/rhel7/x86_64/stow/texlive-20200114/texlive-20200114/texmf-di
st/tex/generic/kvsetkeys/kvsetkeys.sty
Package: kvsetkeys 2019/12/15 v1.18 Key value parser (HO)
)
(/home/local/Linux/rhel7/x86_64/stow/texlive-20200114/texlive-20200114/texmf-di
st/tex/generic/kvdefinekeys/kvdefinekeys.sty
Package: kvdefinekeys 2019-12-19 v1.6 Define keys (HO)
)
(/home/local/Linux/rhel7/x86_64/stow/texlive-20200114/texlive-20200114/texmf-di
st/tex/generic/pdfescape/pdfescape.sty
Package: pdfescape 2019/12/09 v1.15 Implements pdfTeX's escape features (HO)
)
(/home/local/Linux/rhel7/x86_64/stow/texlive-20200114/texlive-20200114/texmf-di
st/tex/latex/hycolor/hycolor.sty
Package: hycolor 2019/12/15 v1.9 Color options for hyperref/bookmark (HO)

(/home/local/Linux/rhel7/x86_64/stow/texlive-20200114/texlive-20200114/texmf-di
st/tex/latex/hycolor/xcolor-patch.sty
Package: xcolor-patch 2019/12/15 xcolor patch

(/home/local/Linux/rhel7/x86_64/stow/texlive-20200114/texlive-20200114/texmf-di
st/tex/latex/oberdiek/hopatch.sty
Package: hopatch 2016/05/16 v1.3 Wrapper for package hooks (HO)
)))
(/home/local/Linux/rhel7/x86_64/stow/texlive-20200114/texlive-20200114/texmf-di
st/tex/latex/letltxmacro/letltxmacro.sty
Package: letltxmacro 2019/12/03 v1.6 Let assignment for LaTeX macros (HO)
)
(/home/local/Linux/rhel7/x86_64/stow/texlive-20200114/texlive-20200114/texmf-di
st/tex/latex/auxhook/auxhook.sty
Package: auxhook 2019-12-17 v1.6 Hooks for auxiliary files (HO)
)
(/home/local/Linux/rhel7/x86_64/stow/texlive-20200114/texlive-20200114/texmf-di
st/tex/latex/kvoptions/kvoptions.sty
Package: kvoptions 2019/11/29 v3.13 Key value format for package options (HO)
)
\@linkdim=\dimen103
\Hy@linkcounter=\count89
\Hy@pagecounter=\count90

(/home/local/Linux/rhel7/x86_64/stow/texlive-20200114/texlive-20200114/texmf-di
st/tex/latex/hyperref/pd1enc.def
File: pd1enc.def 2019/11/10 v7.00c Hyperref: PDFDocEncoding definition (HO)
Now handling font encoding PD1 ...
... no UTF-8 mapping file for font encoding PD1
)
(/home/local/Linux/rhel7/x86_64/stow/texlive-20200114/texlive-20200114/texmf-di
st/tex/generic/intcalc/intcalc.sty
Package: intcalc 2019/12/15 v1.3 Expandable calculations with integers (HO)
)
(/home/local/Linux/rhel7/x86_64/stow/texlive-20200114/texlive-20200114/texmf-di
st/tex/generic/etexcmds/etexcmds.sty
Package: etexcmds 2019/12/15 v1.7 Avoid name clashes with e-TeX commands (HO)
)
\Hy@SavedSpaceFactor=\count91

(/home/local/Linux/rhel7/x86_64/stow/texlive-20200114/texlive-20200114/texmf-di
st/tex/latex/latexconfig/hyperref.cfg
File: hyperref.cfg 2002/06/06 v1.2 hyperref configuration of TeXLive
)
Package hyperref Info: Option `bookmarks' set `true' on input line 4409.
Package hyperref Info: Option `bookmarksopen' set `true' on input line 4409.
Package hyperref Info: Option `colorlinks' set `true' on input line 4409.
Package hyperref Info: Option `bookmarksnumbered' set `true' on input line 4409
.
Package hyperref Info: Hyper figures OFF on input line 4535.
Package hyperref Info: Link nesting OFF on input line 4540.
Package hyperref Info: Hyper index ON on input line 4543.
Package hyperref Info: Plain pages OFF on input line 4550.
Package hyperref Info: Backreferencing OFF on input line 4555.
Package hyperref Info: Implicit mode ON; LaTeX internals redefined.
Package hyperref Info: Bookmarks ON on input line 4788.
\c@Hy@tempcnt=\count92

(/home/local/Linux/rhel7/x86_64/stow/texlive-20200114/texlive-20200114/texmf-di
st/tex/latex/url/url.sty
\Urlmuskip=\muskip10
Package: url 2013/09/16  ver 3.4  Verb mode for urls, etc.
)
LaTeX Info: Redefining \url on input line 5147.
\XeTeXLinkMargin=\dimen104

(/home/local/Linux/rhel7/x86_64/stow/texlive-20200114/texlive-20200114/texmf-di
st/tex/generic/bitset/bitset.sty
Package: bitset 2019/12/09 v1.3 Handle bit-vector datatype (HO)

(/home/local/Linux/rhel7/x86_64/stow/texlive-20200114/texlive-20200114/texmf-di
st/tex/generic/bigintcalc/bigintcalc.sty
Package: bigintcalc 2019/12/15 v1.5 Expandable calculations on big integers (HO
)
))
\Fld@menulength=\count93
\Field@Width=\dimen105
\Fld@charsize=\dimen106
Package hyperref Info: Hyper figures OFF on input line 6418.
Package hyperref Info: Link nesting OFF on input line 6423.
Package hyperref Info: Hyper index ON on input line 6426.
Package hyperref Info: backreferencing OFF on input line 6433.
Package hyperref Info: Link coloring ON on input line 6436.
Package hyperref Info: Link coloring with OCG OFF on input line 6443.
Package hyperref Info: PDF/A mode OFF on input line 6448.
LaTeX Info: Redefining \ref on input line 6488.
LaTeX Info: Redefining \pageref on input line 6492.

(/home/local/Linux/rhel7/x86_64/stow/texlive-20200114/texlive-20200114/texmf-di
st/tex/generic/atbegshi/atbegshi.sty
Package: atbegshi 2019/12/05 v1.19 At begin shipout hook (HO)
)
\Hy@abspage=\count94
\c@Item=\count95
\c@Hfootnote=\count96
)
Package hyperref Info: Driver (autodetected): hpdftex.

(/home/local/Linux/rhel7/x86_64/stow/texlive-20200114/texlive-20200114/texmf-di
st/tex/latex/hyperref/hpdftex.def
File: hpdftex.def 2019/11/10 v7.00c Hyperref driver for pdfTeX

(/home/local/Linux/rhel7/x86_64/stow/texlive-20200114/texlive-20200114/texmf-di
st/tex/latex/atveryend/atveryend.sty
Package: atveryend 2019-12-11 v1.11 Hooks at the very end of document (HO)
Package atveryend Info: \enddocument detected (standard20110627).
)
\Fld@listcount=\count97
\c@bookmark@seq@number=\count98

(/home/local/Linux/rhel7/x86_64/stow/texlive-20200114/texlive-20200114/texmf-di
st/tex/latex/rerunfilecheck/rerunfilecheck.sty
Package: rerunfilecheck 2019/12/05 v1.9 Rerun checks for auxiliary files (HO)

(/home/local/Linux/rhel7/x86_64/stow/texlive-20200114/texlive-20200114/texmf-di
st/tex/generic/uniquecounter/uniquecounter.sty
Package: uniquecounter 2019/12/15 v1.4 Provide unlimited unique counter (HO)
)
Package uniquecounter Info: New unique counter `rerunfilecheck' on input line 2
86.
)
\Hy@SectionHShift=\skip43
) (./sched.aux)
\openout1 = `sched.aux'.

LaTeX Font Info:    Checking defaults for OML/cmm/m/it on input line 136.
LaTeX Font Info:    ... okay on input line 136.
LaTeX Font Info:    Checking defaults for T1/cmr/m/n on input line 136.
LaTeX Font Info:    ... okay on input line 136.
LaTeX Font Info:    Checking defaults for OT1/cmr/m/n on input line 136.
LaTeX Font Info:    ... okay on input line 136.
LaTeX Font Info:    Checking defaults for OMS/cmsy/m/n on input line 136.
LaTeX Font Info:    ... okay on input line 136.
LaTeX Font Info:    Checking defaults for OMX/cmex/m/n on input line 136.
LaTeX Font Info:    ... okay on input line 136.
LaTeX Font Info:    Checking defaults for U/cmr/m/n on input line 136.
LaTeX Font Info:    ... okay on input line 136.
LaTeX Font Info:    Checking defaults for PD1/pdf/m/n on input line 136.
LaTeX Font Info:    ... okay on input line 136.

(/home/local/Linux/rhel7/x86_64/stow/texlive-20200114/texlive-20200114/texmf-di
st/tex/context/base/mkii/supp-pdf.mkii
[Loading MPS to PDF converter (version 2006.09.02).]
\scratchcounter=\count99
\scratchdimen=\dimen107
\scratchbox=\box27
\nofMPsegments=\count100
\nofMParguments=\count101
\everyMPshowfont=\toks17
\MPscratchCnt=\count102
\MPscratchDim=\dimen108
\MPnumerator=\count103
\makeMPintoPDFobject=\count104
\everyMPtoPDFconversion=\toks18
)
\AtBeginShipoutBox=\box28
Package hyperref Info: Link coloring ON on input line 136.

(/home/local/Linux/rhel7/x86_64/stow/texlive-20200114/texlive-20200114/texmf-di
st/tex/latex/hyperref/nameref.sty
Package: nameref 2019/09/16 v2.46 Cross-referencing by name of section

(/home/local/Linux/rhel7/x86_64/stow/texlive-20200114/texlive-20200114/texmf-di
st/tex/latex/refcount/refcount.sty
Package: refcount 2019/12/15 v3.6 Data extraction from label references (HO)
)
(/home/local/Linux/rhel7/x86_64/stow/texlive-20200114/texlive-20200114/texmf-di
st/tex/generic/gettitlestring/gettitlestring.sty
Package: gettitlestring 2019/12/15 v1.6 Cleanup title references (HO)
)
\c@section@level=\count105
)
LaTeX Info: Redefining \ref on input line 136.
LaTeX Info: Redefining \pageref on input line 136.
LaTeX Info: Redefining \nameref on input line 136.
 (./sched.out) (./sched.out)
\@outlinefile=\write3
\openout3 = `sched.out'.

LaTeX Font Info:    External font `cmex10' loaded for size
(Font)              <12> on input line 141.
LaTeX Font Info:    External font `cmex10' loaded for size
(Font)              <8> on input line 141.
LaTeX Font Info:    External font `cmex10' loaded for size
(Font)              <6> on input line 141.

[1

{/home/local/Linux/rhel7/x86_64/stow/texlive-20200114/texlive-20200114/texmf-va
r/fonts/map/pdftex/updmap/pdftex.map}]pdfTeX warning (ext4): destination with t
he same identifier (name{page.1}) has been already used, duplicate ignored
<to be read again> 
                   \relax 
l.215 \tableofcontents
                       [1] (./sched.toc
LaTeX Font Info:    External font `cmex10' loaded for size
(Font)              <7> on input line 1.
LaTeX Font Info:    External font `cmex10' loaded for size
(Font)              <5> on input line 1.
 [2

] [3])
\tf@toc=\write4
\openout4 = `sched.toc'.

 [4] [5] [6]
Chapter 1.
[7

] [8] [9] [10] [11] [12] [13] [14] [15] [16] [17]
File: "../examples/manual_2.key"  (verbatim)
 [18] [19] [20]
File: "../examples/manual_simp.key"  (verbatim)
 [21]
[22] [23] [24] [25]
Chapter 2.
[26

] [27] [28] [29] [30] [31] [32] [33] [34] [35] [36] [37] [38] [39] [40]
[41] [42]

! LaTeX Error: Unknown float option `e'.

See the LaTeX manual or LaTeX Companion for explanation.
Type  H <return>  for immediate help.
 ...                                              
                                                  
l.3180 \begin{table}[here]
                          
? 

! LaTeX Error: Unknown float option `r'.

See the LaTeX manual or LaTeX Companion for explanation.
Type  H <return>  for immediate help.
 ...                                              
                                                  
l.3180 \begin{table}[here]
                          
? 

! LaTeX Error: Unknown float option `e'.

See the LaTeX manual or LaTeX Companion for explanation.
Type  H <return>  for immediate help.
 ...                                              
                                                  
l.3180 \begin{table}[here]
                          
? 
[43] [44] [45] [46] [47]
File: "../examples/manual_line.key"  (verbatim)
 [48] [49] [50] [51] [52] [53] [54] [55] [56] [57]
[58] [59] [60] [61]
File: "../examples/doptg.com"  (verbatim)
 [62] [63] [64] [65] [66] [67] [68] [69] [70] [71] [72]
[73]
Chapter 3.
[74

] [75] [76] [77] [78] [79] [80] [81] [82] [83] [84] [85] [86] [87] [88]
[89] [90] [91] [92] [93] [94] [95] [96] [97] [98] [99] [100] [101] [102]
[103] [104] [105] [106] [107] [108] [109] [110] [111] [112] [113] [114]
[115] [116] [117] [118] [119] [120] [121] [122] [123] [124] [125] [126]
[127] [128] [129] [130] [131] [132] [133] [134] [135] [136] [137] [138]
[139] [140] [141] [142] [143] [144] [145] [146] [147] [148] [149] [150]
[151] [152] [153] [154] [155] [156] [157] [158] [159] [160] [161]
LaTeX Font Info:    Trying to load font information for OMS+cmr on input line 1
1005.

(/home/local/Linux/rhel7/x86_64/stow/texlive-20200114/texlive-20200114/texmf-di
st/tex/latex/base/omscmr.fd
File: omscmr.fd 2014/09/29 v2.5h Standard LaTeX font definitions
)
LaTeX Font Info:    Font shape `OMS/cmr/m/n' in size <10> not available
(Font)              Font shape `OMS/cmsy/m/n' tried instead on input line 11005
.
 [162] [163] [164] [165] [166] [167] [168] [169]
[170] [171] [172] [173] [174] [175] [176] [177] [178]
File: "../setups/vgeo-256-8-2.set"  (verbatim)
 [179] [180] [181]
[182] [183] [184] [185] [186] [187] [188] [189] [190] [191] [192] [193]
[194] [195] [196] [197] [198] [199] [200] [201] [202] [203] [204] [205]
Chapter 4.
[206

] [207] [208] [209] [210] [211] [212] [213] [214]
Overfull \hbox (15.33025pt too wide) in paragraph at lines 14559--14559
 []\OT1/cmtt/m/n/10 pdflatex sched.tex     (optional; may need several repeats 
to get links right)[] 
 []


Overfull \hbox (4.83034pt too wide) in paragraph at lines 14581--14581
 []\OT1/cmtt/m/n/10 tar cf - ../catalogs/sources.*     ../catalogs/rfc*  ../cat
alogs/freq*.dat \[] 
 []

[215] [216] [217] [218] [219] [220]
Chapter 5.
[221

] [222] [223] [224] [225] [226] [227] [228] [229] [230] [231] [232]
[233] [234] [235] [236] [237] [238] [239] [240] [241] [242] [243] [244]
[245] [246] [247] [248] [249] [250] [251] [252] [253] [254] [255] [256]
[257] [258] [259] [260] [261] [262] [263] [264] [265] [266] [267] [268]
[269] [270] [271] [272] [273] [274] [275] [276] [277] [278] [279] [280]
[281] [282] [283] [284]
Appendix A.
[285

] [286] [287] [288]
Appendix B.
[289

] [290] [291]
File: "../examples/manual_vla-cc.set"  (verbatim)
 [292] [293] [294] [295] [296] [297] [298] [299] [300]
[301] [302] [303] [304] [305] [306] [307] [308] [309] [310] [311]
Package atveryend Info: Empty hook `BeforeClearDocument' on input line 21134.
 [312]
Package atveryend Info: Empty hook `AfterLastShipout' on input line 21134.

(./sched.aux)
Package atveryend Info: Executing hook `AtVeryEndDocument' on input line 21134.

Package atveryend Info: Executing hook `AtEndAfterFileList' on input line 21134
.
Package rerunfilecheck Info: File `sched.out' has not changed.
(rerunfilecheck)             Checksum: 2E86950503BE5C0743218B2DF88CCCEA;10289.


LaTeX Warning: Label(s) may have changed. Rerun to get cross-references right.

Package atveryend Info: Empty hook `AtVeryVeryEnd' on input line 21134.
 ) 
Here is how much of TeX's memory you used:
 6180 strings out of 492163
 94978 string characters out of 6111560
 247892 words of memory out of 5000000
 9757 multiletter control sequences out of 15000+600000
 10634 words of font info for 37 fonts, out of 8000000 for 9000
 1141 hyphenation exceptions out of 8191
 40i,9n,31p,445b,438s stack positions out of 5000i,500n,10000p,200000b,80000s
pdfTeX warning (dest): name{subsubsection.1} has been referenced but does not
 exist, replaced by a fixed one

pdfTeX warning (dest): name{subsection.1} has been referenced but does not exis
t, replaced by a fixed one

pdfTeX warning (dest): name{section.1} has been referenced but does not exist, 
replaced by a fixed one

</home/local/Linux/rhel7/x86_64/stow/texlive-20200114/texlive-20200114/texmf-di
st/fonts/type1/public/amsfonts/cm/cmbx10.pfb></home/local/Linux/rhel7/x86_64/st
ow/texlive-20200114/texlive-20200114/texmf-dist/fonts/type1/public/amsfonts/cm/
cmbx12.pfb></home/local/Linux/rhel7/x86_64/stow/texlive-20200114/texlive-202001
14/texmf-dist/fonts/type1/public/amsfonts/cm/cmbxti10.pfb></home/local/Linux/rh
el7/x86_64/stow/texlive-20200114/texlive-20200114/texmf-dist/fonts/type1/public
/amsfonts/cm/cmcsc10.pfb></home/local/Linux/rhel7/x86_64/stow/texlive-20200114/
texlive-20200114/texmf-dist/fonts/type1/public/amsfonts/cm/cmmi10.pfb></home/lo
cal/Linux/rhel7/x86_64/stow/texlive-20200114/texlive-20200114/texmf-dist/fonts/
type1/public/amsfonts/cm/cmr10.pfb></home/local/Linux/rhel7/x86_64/stow/texlive
-20200114/texlive-20200114/texmf-dist/fonts/type1/public/amsfonts/cm/cmr12.pfb>
</home/local/Linux/rhel7/x86_64/stow/texlive-20200114/texlive-20200114/texmf-di
st/fonts/type1/public/amsfonts/cm/cmr17.pfb></home/local/Linux/rhel7/x86_64/sto
w/texlive-20200114/texlive-20200114/texmf-dist/fonts/type1/public/amsfonts/cm/c
mr7.pfb></home/local/Linux/rhel7/x86_64/stow/texlive-20200114/texlive-20200114/
texmf-dist/fonts/type1/public/amsfonts/cm/cmsl10.pfb></home/local/Linux/rhel7/x
86_64/stow/texlive-20200114/texlive-20200114/texmf-dist/fonts/type1/public/amsf
onts/cm/cmsy10.pfb></home/local/Linux/rhel7/x86_64/stow/texlive-20200114/texliv
e-20200114/texmf-dist/fonts/type1/public/amsfonts/cm/cmti10.pfb></home/local/Li
nux/rhel7/x86_64/stow/texlive-20200114/texlive-20200114/texmf-dist/fonts/type1/
public/amsfonts/cm/cmtt10.pfb>
Output written on sched.pdf (313 pages, 1052801 bytes).
PDF statistics:
 3674 PDF objects out of 4296 (max. 8388607)
 3312 compressed objects within 34 object streams
 704 named destinations out of 1000 (max. 500000)
 1049 words of extra memory for PDF output out of 10000 (max. 10000000)

